<?xml version="1.0" encoding="UTF-8"?>
<!-- Generated by org.testng.reporters.JUnitXMLReporter -->
<testsuite ignored="1" hostname="Nikhil" failures="0" tests="6" name="Test" time="0.257" errors="0" timestamp="2021-08-28T11:03:24 IST">
  <testcase classname="com.vtiger.comcast.leadtest.OrgTest" name="testing" time="0.032"/>
  <testcase classname="com.vtiger.comcast.leadtest.LeadTest" name="kbcTest" time="0.005"/>
  <testcase classname="com.vtiger.comcast.leadtest.LeadTest" name="kbcTest" time="0.003"/>
  <testcase classname="com.vtiger.comcast.leadtest.LeadTest" name="kbcTest" time="0.008"/>
  <testcase classname="com.vtiger.comcast.leadtest.LeadTest" name="kbcTest" time="0.005"/>
  <testcase classname="com.vtiger.comcast.leadtest.LeadTest" name="kbcTest" time="0.005"/>
  <testcase classname="com.vtiger.comcast.leadtest.OrgTest" name="mfn" time="0.0">
    <ignored/>
  </testcase> <!-- mfn -->
</testsuite> <!-- Test -->
