<?xml version="1.0" encoding="UTF-8"?>
<testng-results ignored="0" total="1" passed="1" failed="0" skipped="0">
  <reporter-output>
  </reporter-output>
  <suite started-at="2021-08-28T12:18:49 IST" name="Default suite" finished-at="2021-08-28T12:19:19 IST" duration-ms="30131">
    <groups>
    </groups>
    <test started-at="2021-08-28T12:18:49 IST" name="Default test" finished-at="2021-08-28T12:19:19 IST" duration-ms="30131">
      <class name="com.vtiger.comcast.leadtest.P1">
        <test-method signature="mrp()[pri:0, instance:com.vtiger.comcast.leadtest.P1@7ea9e1e2]" started-at="2021-08-28T12:18:49 IST" name="mrp" finished-at="2021-08-28T12:19:19 IST" duration-ms="29901" status="PASS">
          <reporter-output>
          </reporter-output>
        </test-method> <!-- mrp -->
      </class> <!-- com.vtiger.comcast.leadtest.P1 -->
    </test> <!-- Default test -->
  </suite> <!-- Default suite -->
</testng-results>
